<?xml version="1.0" encoding="UTF-8" ?>
<testsuite errors="0" failures="0" hostname="hal9000" name="biblioteca.UsuarioTests" tests="1" time="0.366" timestamp="2011-05-18T20:19:20">
  <properties />
  <testcase classname="biblioteca.UsuarioTests" name="testSomething" time="0.334" />
  <system-out><![CDATA[--Output from testSomething--
]]></system-out>
  <system-err><![CDATA[--Output from testSomething--
]]></system-err>
</testsuite>
