<?xml version="1.0" encoding="UTF-8" ?>
<testsuite errors="0" failures="0" hostname="hal9000" name="biblioteca.LibroTests" tests="2" time="1.058" timestamp="2011-05-18T22:53:29">
  <properties />
  <testcase classname="biblioteca.LibroTests" name="testPersist" time="1.022" />
  <testcase classname="biblioteca.LibroTests" name="testToString" time="0.033" />
  <system-out><![CDATA[--Output from testPersist--
--Output from testToString--
]]></system-out>
  <system-err><![CDATA[--Output from testPersist--
--Output from testToString--
]]></system-err>
</testsuite>
