<?xml version="1.0" encoding="UTF-8" ?>
<testsuite errors="0" failures="0" hostname="hal9000" name="biblioteca.UsuarioControllerTests" tests="1" time="0.036" timestamp="2011-05-17T21:52:06">
  <properties />
  <testcase classname="biblioteca.UsuarioControllerTests" name="testSomething" time="0.02" />
  <system-out><![CDATA[--Output from testSomething--
]]></system-out>
  <system-err><![CDATA[--Output from testSomething--
]]></system-err>
</testsuite>
