<?xml version="1.0" encoding="UTF-8" ?>
<testsuite errors="0" failures="0" hostname="hal9000" name="biblioteca.LibroControllerTests" tests="1" time="0.026" timestamp="2011-05-18T20:19:21">
  <properties />
  <testcase classname="biblioteca.LibroControllerTests" name="testSomething" time="0.023" />
  <system-out><![CDATA[--Output from testSomething--
]]></system-out>
  <system-err><![CDATA[--Output from testSomething--
]]></system-err>
</testsuite>
