<?xml version="1.0" encoding="UTF-8" ?>
<testsuite errors="0" failures="0" hostname="hal9000" name="biblioteca.UsuarioControllerTests" tests="1" time="0.039" timestamp="2011-05-18T22:53:29">
  <properties />
  <testcase classname="biblioteca.UsuarioControllerTests" name="testSomething" time="0.017" />
  <system-out><![CDATA[--Output from testSomething--
]]></system-out>
  <system-err><![CDATA[--Output from testSomething--
]]></system-err>
</testsuite>
