<?xml version="1.0" encoding="UTF-8" ?>
<testsuite errors="0" failures="0" hostname="hal9000" name="biblioteca.OperacionTests" tests="1" time="0.0070" timestamp="2011-05-18T22:53:29">
  <properties />
  <testcase classname="biblioteca.OperacionTests" name="testSomething" time="0.0030" />
  <system-out><![CDATA[--Output from testSomething--
]]></system-out>
  <system-err><![CDATA[--Output from testSomething--
]]></system-err>
</testsuite>
